2023-02-16T00:00:44.108+03:00  INFO 2084 --- [main] ru.kuznetsov.bikeService.Starter         : Starting Starter using Java 19 with PID 2084 (C:\Users\Techn\Documents\JavaProjects\BikeServiceStuff\bikeService\target\classes started by Techn in C:\Users\Techn\Documents\JavaProjects\BikeServiceStuff\bikeService)
2023-02-16T00:00:44.114+03:00  INFO 2084 --- [main] ru.kuznetsov.bikeService.Starter         : No active profile set, falling back to 1 default profile: "default"
2023-02-16T00:00:44.588+03:00  INFO 2084 --- [main] .s.d.r.c.RepositoryConfigurationDelegate : Bootstrapping Spring Data JPA repositories in DEFAULT mode.
2023-02-16T00:00:44.663+03:00  INFO 2084 --- [main] .s.d.r.c.RepositoryConfigurationDelegate : Finished Spring Data repository scanning in 67 ms. Found 9 JPA repository interfaces.
2023-02-16T00:00:45.301+03:00  INFO 2084 --- [main] o.s.b.w.embedded.tomcat.TomcatWebServer  : Tomcat initialized with port(s): 8080 (http)
2023-02-16T00:00:45.310+03:00  INFO 2084 --- [main] o.apache.catalina.core.StandardService   : Starting service [Tomcat]
2023-02-16T00:00:45.310+03:00  INFO 2084 --- [main] o.apache.catalina.core.StandardEngine    : Starting Servlet engine: [Apache Tomcat/10.1.5]
2023-02-16T00:00:45.428+03:00  INFO 2084 --- [main] o.a.c.c.C.[Tomcat].[localhost].[/]       : Initializing Spring embedded WebApplicationContext
2023-02-16T00:00:45.429+03:00  INFO 2084 --- [main] w.s.c.ServletWebServerApplicationContext : Root WebApplicationContext: initialization completed in 1269 ms
2023-02-16T00:00:45.606+03:00  INFO 2084 --- [main] o.hibernate.jpa.internal.util.LogHelper  : HHH000204: Processing PersistenceUnitInfo [name: default]
2023-02-16T00:00:45.655+03:00  INFO 2084 --- [main] org.hibernate.Version                    : HHH000412: Hibernate ORM core version 6.1.6.Final
2023-02-16T00:00:45.789+03:00  WARN 2084 --- [main] org.hibernate.orm.deprecation            : HHH90000021: Encountered deprecated setting [javax.persistence.sharedCache.mode], use [jakarta.persistence.sharedCache.mode] instead
2023-02-16T00:00:46.189+03:00  INFO 2084 --- [main] SQL dialect                              : HHH000400: Using dialect: org.hibernate.dialect.PostgreSQLDialect
2023-02-16T00:00:47.382+03:00  INFO 2084 --- [main] o.h.e.t.j.p.i.JtaPlatformInitiator       : HHH000490: Using JtaPlatform implementation: [org.hibernate.engine.transaction.jta.platform.internal.NoJtaPlatform]
2023-02-16T00:00:47.392+03:00  INFO 2084 --- [main] j.LocalContainerEntityManagerFactoryBean : Initialized JPA EntityManagerFactory for persistence unit 'default'
2023-02-16T00:00:47.629+03:00  WARN 2084 --- [main] ocalVariableTableParameterNameDiscoverer : Using deprecated '-debug' fallback for parameter name resolution. Compile the affected code with '-parameters' instead or avoid its introspection: ru.kuznetsov.bikeService.repositories.UserRepository
2023-02-16T00:00:47.838+03:00  WARN 2084 --- [main] ocalVariableTableParameterNameDiscoverer : Using deprecated '-debug' fallback for parameter name resolution. Compile the affected code with '-parameters' instead or avoid its introspection: ru.kuznetsov.bikeService.repositories.abstracts.AbstractShowableEntityRepository
2023-02-16T00:00:48.128+03:00  WARN 2084 --- [main] JpaBaseConfiguration$JpaWebConfiguration : spring.jpa.open-in-view is enabled by default. Therefore, database queries may be performed during view rendering. Explicitly configure spring.jpa.open-in-view to disable this warning
2023-02-16T00:00:48.337+03:00  INFO 2084 --- [main] o.s.s.web.DefaultSecurityFilterChain     : Will secure any request with [org.springframework.security.web.session.DisableEncodeUrlFilter@c7a1db6, org.springframework.security.web.context.request.async.WebAsyncManagerIntegrationFilter@17c72ffa, org.springframework.security.web.context.SecurityContextHolderFilter@2b76ecd5, org.springframework.security.web.header.HeaderWriterFilter@70940cb8, org.springframework.security.web.csrf.CsrfFilter@782e0844, org.springframework.security.web.authentication.logout.LogoutFilter@4987142d, org.springframework.security.web.authentication.UsernamePasswordAuthenticationFilter@37816ea6, org.springframework.security.web.authentication.ui.DefaultLoginPageGeneratingFilter@102f3f05, org.springframework.security.web.authentication.ui.DefaultLogoutPageGeneratingFilter@7b6b99c5, org.springframework.security.web.savedrequest.RequestCacheAwareFilter@5b9df3b3, org.springframework.security.web.servletapi.SecurityContextHolderAwareRequestFilter@abe7d36, org.springframework.security.web.authentication.AnonymousAuthenticationFilter@2e1c8027, org.springframework.security.web.access.ExceptionTranslationFilter@6520625f, org.springframework.security.web.access.intercept.AuthorizationFilter@6bb71265]
2023-02-16T00:00:48.663+03:00  INFO 2084 --- [main] o.s.b.w.embedded.tomcat.TomcatWebServer  : Tomcat started on port(s): 8080 (http) with context path ''
2023-02-16T00:00:48.672+03:00  INFO 2084 --- [main] ru.kuznetsov.bikeService.Starter         : Started Starter in 5.077 seconds (process running for 5.923)
2023-02-16T00:00:48.904+03:00  INFO 2084 --- [http-nio-8080-exec-1] o.a.c.c.C.[Tomcat].[localhost].[/]       : Initializing Spring DispatcherServlet 'dispatcherServlet'
2023-02-16T00:00:48.904+03:00  INFO 2084 --- [http-nio-8080-exec-1] o.s.web.servlet.DispatcherServlet        : Initializing Servlet 'dispatcherServlet'
2023-02-16T00:00:48.905+03:00  INFO 2084 --- [http-nio-8080-exec-1] o.s.web.servlet.DispatcherServlet        : Completed initialization in 1 ms
2023-02-16T00:00:53.867+03:00  INFO 2084 --- [http-nio-8080-exec-4] BikeServiceLogger                        : parts 11 was shown to 'pavel'
2023-02-16T00:00:55.527+03:00  WARN 2084 --- [http-nio-8080-exec-6] ocalVariableTableParameterNameDiscoverer : Using deprecated '-debug' fallback for parameter name resolution. Compile the affected code with '-parameters' instead or avoid its introspection: ru.kuznetsov.bikeService.controllers.ServiceableController
2023-02-16T00:03:42.534+03:00  INFO 13520 --- [main] ru.kuznetsov.bikeService.Starter         : Starting Starter using Java 19 with PID 13520 (C:\Users\Techn\Documents\JavaProjects\BikeServiceStuff\bikeService\target\classes started by Techn in C:\Users\Techn\Documents\JavaProjects\BikeServiceStuff\bikeService)
2023-02-16T00:03:42.536+03:00  INFO 13520 --- [main] ru.kuznetsov.bikeService.Starter         : No active profile set, falling back to 1 default profile: "default"
2023-02-16T00:03:42.998+03:00  INFO 13520 --- [main] .s.d.r.c.RepositoryConfigurationDelegate : Bootstrapping Spring Data JPA repositories in DEFAULT mode.
2023-02-16T00:03:43.070+03:00  INFO 13520 --- [main] .s.d.r.c.RepositoryConfigurationDelegate : Finished Spring Data repository scanning in 64 ms. Found 9 JPA repository interfaces.
2023-02-16T00:03:43.694+03:00  INFO 13520 --- [main] o.s.b.w.embedded.tomcat.TomcatWebServer  : Tomcat initialized with port(s): 8080 (http)
2023-02-16T00:03:43.704+03:00  INFO 13520 --- [main] o.apache.catalina.core.StandardService   : Starting service [Tomcat]
2023-02-16T00:03:43.704+03:00  INFO 13520 --- [main] o.apache.catalina.core.StandardEngine    : Starting Servlet engine: [Apache Tomcat/10.1.5]
2023-02-16T00:03:43.816+03:00  INFO 13520 --- [main] o.a.c.c.C.[Tomcat].[localhost].[/]       : Initializing Spring embedded WebApplicationContext
2023-02-16T00:03:43.816+03:00  INFO 13520 --- [main] w.s.c.ServletWebServerApplicationContext : Root WebApplicationContext: initialization completed in 1240 ms
2023-02-16T00:03:44.004+03:00  INFO 13520 --- [main] o.hibernate.jpa.internal.util.LogHelper  : HHH000204: Processing PersistenceUnitInfo [name: default]
2023-02-16T00:03:44.051+03:00  INFO 13520 --- [main] org.hibernate.Version                    : HHH000412: Hibernate ORM core version 6.1.6.Final
2023-02-16T00:03:44.190+03:00  WARN 13520 --- [main] org.hibernate.orm.deprecation            : HHH90000021: Encountered deprecated setting [javax.persistence.sharedCache.mode], use [jakarta.persistence.sharedCache.mode] instead
2023-02-16T00:03:44.725+03:00  INFO 13520 --- [main] SQL dialect                              : HHH000400: Using dialect: org.hibernate.dialect.PostgreSQLDialect
2023-02-16T00:03:45.943+03:00  INFO 13520 --- [main] o.h.e.t.j.p.i.JtaPlatformInitiator       : HHH000490: Using JtaPlatform implementation: [org.hibernate.engine.transaction.jta.platform.internal.NoJtaPlatform]
2023-02-16T00:03:45.954+03:00  INFO 13520 --- [main] j.LocalContainerEntityManagerFactoryBean : Initialized JPA EntityManagerFactory for persistence unit 'default'
2023-02-16T00:03:46.215+03:00  WARN 13520 --- [main] ocalVariableTableParameterNameDiscoverer : Using deprecated '-debug' fallback for parameter name resolution. Compile the affected code with '-parameters' instead or avoid its introspection: ru.kuznetsov.bikeService.repositories.UserRepository
2023-02-16T00:03:46.415+03:00  WARN 13520 --- [main] ocalVariableTableParameterNameDiscoverer : Using deprecated '-debug' fallback for parameter name resolution. Compile the affected code with '-parameters' instead or avoid its introspection: ru.kuznetsov.bikeService.repositories.abstracts.AbstractShowableEntityRepository
2023-02-16T00:03:46.773+03:00  WARN 13520 --- [main] JpaBaseConfiguration$JpaWebConfiguration : spring.jpa.open-in-view is enabled by default. Therefore, database queries may be performed during view rendering. Explicitly configure spring.jpa.open-in-view to disable this warning
2023-02-16T00:03:46.979+03:00  INFO 13520 --- [main] o.s.s.web.DefaultSecurityFilterChain     : Will secure any request with [org.springframework.security.web.session.DisableEncodeUrlFilter@7b43f95c, org.springframework.security.web.context.request.async.WebAsyncManagerIntegrationFilter@311453ab, org.springframework.security.web.context.SecurityContextHolderFilter@abe7d36, org.springframework.security.web.header.HeaderWriterFilter@67b20b4c, org.springframework.security.web.csrf.CsrfFilter@25f73119, org.springframework.security.web.authentication.logout.LogoutFilter@7c59cf66, org.springframework.security.web.authentication.UsernamePasswordAuthenticationFilter@6ec77cab, org.springframework.security.web.authentication.ui.DefaultLoginPageGeneratingFilter@4889fbba, org.springframework.security.web.authentication.ui.DefaultLogoutPageGeneratingFilter@7ef3aa21, org.springframework.security.web.savedrequest.RequestCacheAwareFilter@740fccd2, org.springframework.security.web.servletapi.SecurityContextHolderAwareRequestFilter@1b868ef0, org.springframework.security.web.authentication.AnonymousAuthenticationFilter@2dd4a7a9, org.springframework.security.web.access.ExceptionTranslationFilter@3810806c, org.springframework.security.web.access.intercept.AuthorizationFilter@67216c33]
2023-02-16T00:03:47.337+03:00  INFO 13520 --- [main] o.s.b.w.embedded.tomcat.TomcatWebServer  : Tomcat started on port(s): 8080 (http) with context path ''
2023-02-16T00:03:47.346+03:00  INFO 13520 --- [main] ru.kuznetsov.bikeService.Starter         : Started Starter in 5.203 seconds (process running for 5.915)
2023-02-16T00:03:54.398+03:00  INFO 13520 --- [http-nio-8080-exec-1] o.a.c.c.C.[Tomcat].[localhost].[/]       : Initializing Spring DispatcherServlet 'dispatcherServlet'
2023-02-16T00:03:54.399+03:00  INFO 13520 --- [http-nio-8080-exec-1] o.s.web.servlet.DispatcherServlet        : Initializing Servlet 'dispatcherServlet'
2023-02-16T00:03:54.400+03:00  INFO 13520 --- [http-nio-8080-exec-1] o.s.web.servlet.DispatcherServlet        : Completed initialization in 1 ms
2023-02-16T00:03:58.956+03:00  INFO 13520 --- [http-nio-8080-exec-4] BikeServiceLogger                        : parts 11 was shown to 'pavel'
2023-02-16T00:04:01.252+03:00  WARN 13520 --- [http-nio-8080-exec-6] ocalVariableTableParameterNameDiscoverer : Using deprecated '-debug' fallback for parameter name resolution. Compile the affected code with '-parameters' instead or avoid its introspection: ru.kuznetsov.bikeService.controllers.ServiceableController
2023-02-16T19:59:45.193+03:00  INFO 6432 --- [main] ru.kuznetsov.bikeService.Starter         : Starting Starter using Java 19 with PID 6432 (C:\Users\Techn\Documents\JavaProjects\BikeServiceStuff\bikeService\target\classes started by Techn in C:\Users\Techn\Documents\JavaProjects\BikeServiceStuff\bikeService)
2023-02-16T19:59:45.195+03:00  INFO 6432 --- [main] ru.kuznetsov.bikeService.Starter         : No active profile set, falling back to 1 default profile: "default"
2023-02-16T19:59:45.738+03:00  INFO 6432 --- [main] .s.d.r.c.RepositoryConfigurationDelegate : Bootstrapping Spring Data JPA repositories in DEFAULT mode.
2023-02-16T19:59:45.807+03:00  INFO 6432 --- [main] .s.d.r.c.RepositoryConfigurationDelegate : Finished Spring Data repository scanning in 61 ms. Found 9 JPA repository interfaces.
2023-02-16T19:59:46.487+03:00  INFO 6432 --- [main] o.s.b.w.embedded.tomcat.TomcatWebServer  : Tomcat initialized with port(s): 8080 (http)
2023-02-16T19:59:46.497+03:00  INFO 6432 --- [main] o.apache.catalina.core.StandardService   : Starting service [Tomcat]
2023-02-16T19:59:46.497+03:00  INFO 6432 --- [main] o.apache.catalina.core.StandardEngine    : Starting Servlet engine: [Apache Tomcat/10.1.5]
2023-02-16T19:59:46.593+03:00  INFO 6432 --- [main] o.a.c.c.C.[Tomcat].[localhost].[/]       : Initializing Spring embedded WebApplicationContext
2023-02-16T19:59:46.593+03:00  INFO 6432 --- [main] w.s.c.ServletWebServerApplicationContext : Root WebApplicationContext: initialization completed in 1356 ms
2023-02-16T19:59:46.781+03:00  INFO 6432 --- [main] o.hibernate.jpa.internal.util.LogHelper  : HHH000204: Processing PersistenceUnitInfo [name: default]
2023-02-16T19:59:46.840+03:00  INFO 6432 --- [main] org.hibernate.Version                    : HHH000412: Hibernate ORM core version 6.1.6.Final
2023-02-16T19:59:46.978+03:00  WARN 6432 --- [main] org.hibernate.orm.deprecation            : HHH90000021: Encountered deprecated setting [javax.persistence.sharedCache.mode], use [jakarta.persistence.sharedCache.mode] instead
2023-02-16T19:59:47.448+03:00  INFO 6432 --- [main] SQL dialect                              : HHH000400: Using dialect: org.hibernate.dialect.PostgreSQLDialect
2023-02-16T19:59:48.756+03:00  INFO 6432 --- [main] o.h.e.t.j.p.i.JtaPlatformInitiator       : HHH000490: Using JtaPlatform implementation: [org.hibernate.engine.transaction.jta.platform.internal.NoJtaPlatform]
2023-02-16T19:59:48.765+03:00  INFO 6432 --- [main] j.LocalContainerEntityManagerFactoryBean : Initialized JPA EntityManagerFactory for persistence unit 'default'
2023-02-16T19:59:48.954+03:00  WARN 6432 --- [main] ocalVariableTableParameterNameDiscoverer : Using deprecated '-debug' fallback for parameter name resolution. Compile the affected code with '-parameters' instead or avoid its introspection: ru.kuznetsov.bikeService.repositories.UserRepository
2023-02-16T19:59:49.114+03:00  WARN 6432 --- [main] ocalVariableTableParameterNameDiscoverer : Using deprecated '-debug' fallback for parameter name resolution. Compile the affected code with '-parameters' instead or avoid its introspection: ru.kuznetsov.bikeService.repositories.abstracts.AbstractShowableEntityRepository
2023-02-16T19:59:49.355+03:00  WARN 6432 --- [main] JpaBaseConfiguration$JpaWebConfiguration : spring.jpa.open-in-view is enabled by default. Therefore, database queries may be performed during view rendering. Explicitly configure spring.jpa.open-in-view to disable this warning
2023-02-16T19:59:49.531+03:00  INFO 6432 --- [main] o.s.s.web.DefaultSecurityFilterChain     : Will secure any request with [org.springframework.security.web.session.DisableEncodeUrlFilter@140cfc5f, org.springframework.security.web.context.request.async.WebAsyncManagerIntegrationFilter@6b063695, org.springframework.security.web.context.SecurityContextHolderFilter@1e0c898c, org.springframework.security.web.header.HeaderWriterFilter@ff1a5a0, org.springframework.security.web.csrf.CsrfFilter@3dc4ed6f, org.springframework.security.web.authentication.logout.LogoutFilter@2569afda, org.springframework.security.web.authentication.UsernamePasswordAuthenticationFilter@15a41088, org.springframework.security.web.authentication.ui.DefaultLoginPageGeneratingFilter@5c46a957, org.springframework.security.web.authentication.ui.DefaultLogoutPageGeneratingFilter@43edd2ea, org.springframework.security.web.savedrequest.RequestCacheAwareFilter@73bcd9b4, org.springframework.security.web.servletapi.SecurityContextHolderAwareRequestFilter@43b7bd5a, org.springframework.security.web.authentication.AnonymousAuthenticationFilter@3fc4038f, org.springframework.security.web.access.ExceptionTranslationFilter@49f9758, org.springframework.security.web.access.intercept.AuthorizationFilter@7683ea43]
2023-02-16T19:59:49.824+03:00  INFO 6432 --- [main] o.s.b.w.embedded.tomcat.TomcatWebServer  : Tomcat started on port(s): 8080 (http) with context path ''
2023-02-16T19:59:49.833+03:00  INFO 6432 --- [main] ru.kuznetsov.bikeService.Starter         : Started Starter in 5.005 seconds (process running for 6.142)
2023-02-16T19:59:49.901+03:00  INFO 6432 --- [http-nio-8080-exec-1] o.a.c.c.C.[Tomcat].[localhost].[/]       : Initializing Spring DispatcherServlet 'dispatcherServlet'
2023-02-16T19:59:49.901+03:00  INFO 6432 --- [http-nio-8080-exec-1] o.s.web.servlet.DispatcherServlet        : Initializing Servlet 'dispatcherServlet'
2023-02-16T19:59:49.903+03:00  INFO 6432 --- [http-nio-8080-exec-1] o.s.web.servlet.DispatcherServlet        : Completed initialization in 2 ms
2023-02-16T19:59:57.867+03:00  INFO 6432 --- [http-nio-8080-exec-9] BikeServiceLogger                        : pavel logged in
2023-02-16T19:59:58.074+03:00  WARN 6432 --- [http-nio-8080-exec-10] o.s.web.servlet.PageNotFound             : No mapping for GET /favicon.ico
2023-02-16T19:59:59.681+03:00  INFO 6432 --- [http-nio-8080-exec-1] BikeServiceLogger                        : parts are shown to pavel
2023-02-16T20:00:24.850+03:00  INFO 6432 --- [http-nio-8080-exec-2] BikeServiceLogger                        : parts 11 was shown to 'pavel'
2023-02-16T20:00:27.766+03:00  WARN 6432 --- [http-nio-8080-exec-4] ocalVariableTableParameterNameDiscoverer : Using deprecated '-debug' fallback for parameter name resolution. Compile the affected code with '-parameters' instead or avoid its introspection: ru.kuznetsov.bikeService.controllers.ServiceableController
2023-02-16T20:01:25.002+03:00  INFO 2536 --- [main] ru.kuznetsov.bikeService.Starter         : Starting Starter using Java 19 with PID 2536 (C:\Users\Techn\Documents\JavaProjects\BikeServiceStuff\bikeService\target\classes started by Techn in C:\Users\Techn\Documents\JavaProjects\BikeServiceStuff\bikeService)
2023-02-16T20:01:25.004+03:00  INFO 2536 --- [main] ru.kuznetsov.bikeService.Starter         : No active profile set, falling back to 1 default profile: "default"
2023-02-16T20:01:25.461+03:00  INFO 2536 --- [main] .s.d.r.c.RepositoryConfigurationDelegate : Bootstrapping Spring Data JPA repositories in DEFAULT mode.
2023-02-16T20:01:25.555+03:00  INFO 2536 --- [main] .s.d.r.c.RepositoryConfigurationDelegate : Finished Spring Data repository scanning in 85 ms. Found 9 JPA repository interfaces.
2023-02-16T20:01:26.255+03:00  INFO 2536 --- [main] o.s.b.w.embedded.tomcat.TomcatWebServer  : Tomcat initialized with port(s): 8080 (http)
2023-02-16T20:01:26.265+03:00  INFO 2536 --- [main] o.apache.catalina.core.StandardService   : Starting service [Tomcat]
2023-02-16T20:01:26.265+03:00  INFO 2536 --- [main] o.apache.catalina.core.StandardEngine    : Starting Servlet engine: [Apache Tomcat/10.1.5]
2023-02-16T20:01:26.375+03:00  INFO 2536 --- [main] o.a.c.c.C.[Tomcat].[localhost].[/]       : Initializing Spring embedded WebApplicationContext
2023-02-16T20:01:26.376+03:00  INFO 2536 --- [main] w.s.c.ServletWebServerApplicationContext : Root WebApplicationContext: initialization completed in 1335 ms
2023-02-16T20:01:26.554+03:00  INFO 2536 --- [main] o.hibernate.jpa.internal.util.LogHelper  : HHH000204: Processing PersistenceUnitInfo [name: default]
2023-02-16T20:01:26.603+03:00  INFO 2536 --- [main] org.hibernate.Version                    : HHH000412: Hibernate ORM core version 6.1.6.Final
2023-02-16T20:01:26.745+03:00  WARN 2536 --- [main] org.hibernate.orm.deprecation            : HHH90000021: Encountered deprecated setting [javax.persistence.sharedCache.mode], use [jakarta.persistence.sharedCache.mode] instead
2023-02-16T20:01:27.180+03:00  INFO 2536 --- [main] SQL dialect                              : HHH000400: Using dialect: org.hibernate.dialect.PostgreSQLDialect
2023-02-16T20:01:28.418+03:00  INFO 2536 --- [main] o.h.e.t.j.p.i.JtaPlatformInitiator       : HHH000490: Using JtaPlatform implementation: [org.hibernate.engine.transaction.jta.platform.internal.NoJtaPlatform]
2023-02-16T20:01:28.428+03:00  INFO 2536 --- [main] j.LocalContainerEntityManagerFactoryBean : Initialized JPA EntityManagerFactory for persistence unit 'default'
2023-02-16T20:01:28.662+03:00  WARN 2536 --- [main] ocalVariableTableParameterNameDiscoverer : Using deprecated '-debug' fallback for parameter name resolution. Compile the affected code with '-parameters' instead or avoid its introspection: ru.kuznetsov.bikeService.repositories.UserRepository
2023-02-16T20:01:28.918+03:00  WARN 2536 --- [main] ocalVariableTableParameterNameDiscoverer : Using deprecated '-debug' fallback for parameter name resolution. Compile the affected code with '-parameters' instead or avoid its introspection: ru.kuznetsov.bikeService.repositories.abstracts.AbstractShowableEntityRepository
2023-02-16T20:01:29.195+03:00  WARN 2536 --- [main] JpaBaseConfiguration$JpaWebConfiguration : spring.jpa.open-in-view is enabled by default. Therefore, database queries may be performed during view rendering. Explicitly configure spring.jpa.open-in-view to disable this warning
2023-02-16T20:01:29.398+03:00  INFO 2536 --- [main] o.s.s.web.DefaultSecurityFilterChain     : Will secure any request with [org.springframework.security.web.session.DisableEncodeUrlFilter@3962b216, org.springframework.security.web.context.request.async.WebAsyncManagerIntegrationFilter@3183a37c, org.springframework.security.web.context.SecurityContextHolderFilter@1b868ef0, org.springframework.security.web.header.HeaderWriterFilter@1ae23815, org.springframework.security.web.csrf.CsrfFilter@5bc40f5d, org.springframework.security.web.authentication.logout.LogoutFilter@5a8835c6, org.springframework.security.web.authentication.UsernamePasswordAuthenticationFilter@5c41f6a0, org.springframework.security.web.authentication.ui.DefaultLoginPageGeneratingFilter@2dec57c5, org.springframework.security.web.authentication.ui.DefaultLogoutPageGeneratingFilter@31a80c88, org.springframework.security.web.savedrequest.RequestCacheAwareFilter@16e84d93, org.springframework.security.web.servletapi.SecurityContextHolderAwareRequestFilter@384b3fe7, org.springframework.security.web.authentication.AnonymousAuthenticationFilter@7602c65d, org.springframework.security.web.access.ExceptionTranslationFilter@3e0a112f, org.springframework.security.web.access.intercept.AuthorizationFilter@72d7afff]
2023-02-16T20:01:29.726+03:00  INFO 2536 --- [main] o.s.b.w.embedded.tomcat.TomcatWebServer  : Tomcat started on port(s): 8080 (http) with context path ''
2023-02-16T20:01:29.735+03:00  INFO 2536 --- [main] ru.kuznetsov.bikeService.Starter         : Started Starter in 5.126 seconds (process running for 6.288)
2023-02-16T20:01:33.995+03:00  INFO 2536 --- [http-nio-8080-exec-1] o.a.c.c.C.[Tomcat].[localhost].[/]       : Initializing Spring DispatcherServlet 'dispatcherServlet'
2023-02-16T20:01:33.996+03:00  INFO 2536 --- [http-nio-8080-exec-1] o.s.web.servlet.DispatcherServlet        : Initializing Servlet 'dispatcherServlet'
2023-02-16T20:01:33.997+03:00  INFO 2536 --- [http-nio-8080-exec-1] o.s.web.servlet.DispatcherServlet        : Completed initialization in 1 ms
2023-02-16T20:01:38.871+03:00  WARN 2536 --- [http-nio-8080-exec-4] .w.s.m.s.DefaultHandlerExceptionResolver : Resolved [org.springframework.web.bind.MissingServletRequestParameterException: Required request parameter 'action' for method parameter type String is not present]
2023-02-16T20:01:42.089+03:00  WARN 2536 --- [http-nio-8080-exec-5] .w.s.m.s.DefaultHandlerExceptionResolver : Resolved [org.springframework.web.bind.MissingServletRequestParameterException: Required request parameter 'action' for method parameter type String is not present]
2023-02-16T20:01:45.541+03:00  INFO 2536 --- [http-nio-8080-exec-6] BikeServiceLogger                        : parts 11 was shown to 'pavel'
2023-02-16T20:01:47.404+03:00  WARN 2536 --- [http-nio-8080-exec-8] ocalVariableTableParameterNameDiscoverer : Using deprecated '-debug' fallback for parameter name resolution. Compile the affected code with '-parameters' instead or avoid its introspection: ru.kuznetsov.bikeService.controllers.ServiceableController
2023-02-16T20:04:15.212+03:00  INFO 9016 --- [main] ru.kuznetsov.bikeService.Starter         : Starting Starter using Java 19 with PID 9016 (C:\Users\Techn\Documents\JavaProjects\BikeServiceStuff\bikeService\target\classes started by Techn in C:\Users\Techn\Documents\JavaProjects\BikeServiceStuff\bikeService)
2023-02-16T20:04:15.214+03:00  INFO 9016 --- [main] ru.kuznetsov.bikeService.Starter         : No active profile set, falling back to 1 default profile: "default"
2023-02-16T20:04:15.688+03:00  INFO 9016 --- [main] .s.d.r.c.RepositoryConfigurationDelegate : Bootstrapping Spring Data JPA repositories in DEFAULT mode.
2023-02-16T20:04:15.761+03:00  INFO 9016 --- [main] .s.d.r.c.RepositoryConfigurationDelegate : Finished Spring Data repository scanning in 64 ms. Found 9 JPA repository interfaces.
2023-02-16T20:04:16.469+03:00  INFO 9016 --- [main] o.s.b.w.embedded.tomcat.TomcatWebServer  : Tomcat initialized with port(s): 8080 (http)
2023-02-16T20:04:16.479+03:00  INFO 9016 --- [main] o.apache.catalina.core.StandardService   : Starting service [Tomcat]
2023-02-16T20:04:16.479+03:00  INFO 9016 --- [main] o.apache.catalina.core.StandardEngine    : Starting Servlet engine: [Apache Tomcat/10.1.5]
2023-02-16T20:04:16.578+03:00  INFO 9016 --- [main] o.a.c.c.C.[Tomcat].[localhost].[/]       : Initializing Spring embedded WebApplicationContext
2023-02-16T20:04:16.578+03:00  INFO 9016 --- [main] w.s.c.ServletWebServerApplicationContext : Root WebApplicationContext: initialization completed in 1325 ms
2023-02-16T20:04:16.765+03:00  INFO 9016 --- [main] o.hibernate.jpa.internal.util.LogHelper  : HHH000204: Processing PersistenceUnitInfo [name: default]
2023-02-16T20:04:16.814+03:00  INFO 9016 --- [main] org.hibernate.Version                    : HHH000412: Hibernate ORM core version 6.1.6.Final
2023-02-16T20:04:16.952+03:00  WARN 9016 --- [main] org.hibernate.orm.deprecation            : HHH90000021: Encountered deprecated setting [javax.persistence.sharedCache.mode], use [jakarta.persistence.sharedCache.mode] instead
2023-02-16T20:04:17.329+03:00  INFO 9016 --- [main] SQL dialect                              : HHH000400: Using dialect: org.hibernate.dialect.PostgreSQLDialect
2023-02-16T20:04:18.531+03:00  INFO 9016 --- [main] o.h.e.t.j.p.i.JtaPlatformInitiator       : HHH000490: Using JtaPlatform implementation: [org.hibernate.engine.transaction.jta.platform.internal.NoJtaPlatform]
2023-02-16T20:04:18.542+03:00  INFO 9016 --- [main] j.LocalContainerEntityManagerFactoryBean : Initialized JPA EntityManagerFactory for persistence unit 'default'
2023-02-16T20:04:18.764+03:00  WARN 9016 --- [main] ocalVariableTableParameterNameDiscoverer : Using deprecated '-debug' fallback for parameter name resolution. Compile the affected code with '-parameters' instead or avoid its introspection: ru.kuznetsov.bikeService.repositories.UserRepository
2023-02-16T20:04:18.964+03:00  WARN 9016 --- [main] ocalVariableTableParameterNameDiscoverer : Using deprecated '-debug' fallback for parameter name resolution. Compile the affected code with '-parameters' instead or avoid its introspection: ru.kuznetsov.bikeService.repositories.abstracts.AbstractShowableEntityRepository
2023-02-16T20:04:19.248+03:00  WARN 9016 --- [main] JpaBaseConfiguration$JpaWebConfiguration : spring.jpa.open-in-view is enabled by default. Therefore, database queries may be performed during view rendering. Explicitly configure spring.jpa.open-in-view to disable this warning
2023-02-16T20:04:19.445+03:00  INFO 9016 --- [main] o.s.s.web.DefaultSecurityFilterChain     : Will secure any request with [org.springframework.security.web.session.DisableEncodeUrlFilter@48a61e38, org.springframework.security.web.context.request.async.WebAsyncManagerIntegrationFilter@52a3eef8, org.springframework.security.web.context.SecurityContextHolderFilter@5c41f6a0, org.springframework.security.web.header.HeaderWriterFilter@7b6b99c5, org.springframework.security.web.csrf.CsrfFilter@31e9d94f, org.springframework.security.web.authentication.logout.LogoutFilter@468eff41, org.springframework.security.web.authentication.UsernamePasswordAuthenticationFilter@16f2d883, org.springframework.security.web.authentication.ui.DefaultLoginPageGeneratingFilter@75566f4, org.springframework.security.web.authentication.ui.DefaultLogoutPageGeneratingFilter@37d8562f, org.springframework.security.web.savedrequest.RequestCacheAwareFilter@311453ab, org.springframework.security.web.servletapi.SecurityContextHolderAwareRequestFilter@5a23b9d1, org.springframework.security.web.authentication.AnonymousAuthenticationFilter@19656e21, org.springframework.security.web.access.ExceptionTranslationFilter@67216c33, org.springframework.security.web.access.intercept.AuthorizationFilter@3b399f5a]
2023-02-16T20:04:19.769+03:00  INFO 9016 --- [main] o.s.b.w.embedded.tomcat.TomcatWebServer  : Tomcat started on port(s): 8080 (http) with context path ''
2023-02-16T20:04:19.779+03:00  INFO 9016 --- [main] ru.kuznetsov.bikeService.Starter         : Started Starter in 4.956 seconds (process running for 5.746)
2023-02-16T20:04:21.220+03:00  INFO 9016 --- [http-nio-8080-exec-1] o.a.c.c.C.[Tomcat].[localhost].[/]       : Initializing Spring DispatcherServlet 'dispatcherServlet'
2023-02-16T20:04:21.220+03:00  INFO 9016 --- [http-nio-8080-exec-1] o.s.web.servlet.DispatcherServlet        : Initializing Servlet 'dispatcherServlet'
2023-02-16T20:04:21.222+03:00  INFO 9016 --- [http-nio-8080-exec-1] o.s.web.servlet.DispatcherServlet        : Completed initialization in 2 ms
2023-02-16T20:04:26.664+03:00  INFO 9016 --- [http-nio-8080-exec-4] BikeServiceLogger                        : parts 11 was shown to 'pavel'
2023-02-16T20:04:29.442+03:00  WARN 9016 --- [http-nio-8080-exec-6] ocalVariableTableParameterNameDiscoverer : Using deprecated '-debug' fallback for parameter name resolution. Compile the affected code with '-parameters' instead or avoid its introspection: ru.kuznetsov.bikeService.controllers.ServiceableController
2023-02-16T20:07:48.981+03:00  INFO 13876 --- [main] ru.kuznetsov.bikeService.Starter         : Starting Starter using Java 19 with PID 13876 (C:\Users\Techn\Documents\JavaProjects\BikeServiceStuff\bikeService\target\classes started by Techn in C:\Users\Techn\Documents\JavaProjects\BikeServiceStuff\bikeService)
2023-02-16T20:07:48.983+03:00  INFO 13876 --- [main] ru.kuznetsov.bikeService.Starter         : No active profile set, falling back to 1 default profile: "default"
2023-02-16T20:07:49.442+03:00  INFO 13876 --- [main] .s.d.r.c.RepositoryConfigurationDelegate : Bootstrapping Spring Data JPA repositories in DEFAULT mode.
2023-02-16T20:07:49.515+03:00  INFO 13876 --- [main] .s.d.r.c.RepositoryConfigurationDelegate : Finished Spring Data repository scanning in 65 ms. Found 9 JPA repository interfaces.
2023-02-16T20:07:50.115+03:00  INFO 13876 --- [main] o.s.b.w.embedded.tomcat.TomcatWebServer  : Tomcat initialized with port(s): 8080 (http)
2023-02-16T20:07:50.125+03:00  INFO 13876 --- [main] o.apache.catalina.core.StandardService   : Starting service [Tomcat]
2023-02-16T20:07:50.125+03:00  INFO 13876 --- [main] o.apache.catalina.core.StandardEngine    : Starting Servlet engine: [Apache Tomcat/10.1.5]
2023-02-16T20:07:50.223+03:00  INFO 13876 --- [main] o.a.c.c.C.[Tomcat].[localhost].[/]       : Initializing Spring embedded WebApplicationContext
2023-02-16T20:07:50.224+03:00  INFO 13876 --- [main] w.s.c.ServletWebServerApplicationContext : Root WebApplicationContext: initialization completed in 1202 ms
2023-02-16T20:07:50.412+03:00  INFO 13876 --- [main] o.hibernate.jpa.internal.util.LogHelper  : HHH000204: Processing PersistenceUnitInfo [name: default]
2023-02-16T20:07:50.461+03:00  INFO 13876 --- [main] org.hibernate.Version                    : HHH000412: Hibernate ORM core version 6.1.6.Final
2023-02-16T20:07:50.600+03:00  WARN 13876 --- [main] org.hibernate.orm.deprecation            : HHH90000021: Encountered deprecated setting [javax.persistence.sharedCache.mode], use [jakarta.persistence.sharedCache.mode] instead
2023-02-16T20:07:50.975+03:00  INFO 13876 --- [main] SQL dialect                              : HHH000400: Using dialect: org.hibernate.dialect.PostgreSQLDialect
2023-02-16T20:07:52.120+03:00  INFO 13876 --- [main] o.h.e.t.j.p.i.JtaPlatformInitiator       : HHH000490: Using JtaPlatform implementation: [org.hibernate.engine.transaction.jta.platform.internal.NoJtaPlatform]
2023-02-16T20:07:52.130+03:00  INFO 13876 --- [main] j.LocalContainerEntityManagerFactoryBean : Initialized JPA EntityManagerFactory for persistence unit 'default'
2023-02-16T20:07:52.346+03:00  WARN 13876 --- [main] ocalVariableTableParameterNameDiscoverer : Using deprecated '-debug' fallback for parameter name resolution. Compile the affected code with '-parameters' instead or avoid its introspection: ru.kuznetsov.bikeService.repositories.UserRepository
2023-02-16T20:07:52.542+03:00  WARN 13876 --- [main] ocalVariableTableParameterNameDiscoverer : Using deprecated '-debug' fallback for parameter name resolution. Compile the affected code with '-parameters' instead or avoid its introspection: ru.kuznetsov.bikeService.repositories.abstracts.AbstractShowableEntityRepository
2023-02-16T20:07:52.855+03:00  WARN 13876 --- [main] JpaBaseConfiguration$JpaWebConfiguration : spring.jpa.open-in-view is enabled by default. Therefore, database queries may be performed during view rendering. Explicitly configure spring.jpa.open-in-view to disable this warning
2023-02-16T20:07:53.074+03:00  INFO 13876 --- [main] o.s.s.web.DefaultSecurityFilterChain     : Will secure any request with [org.springframework.security.web.session.DisableEncodeUrlFilter@4aadf144, org.springframework.security.web.context.request.async.WebAsyncManagerIntegrationFilter@68a97fc1, org.springframework.security.web.context.SecurityContextHolderFilter@7602c65d, org.springframework.security.web.header.HeaderWriterFilter@3962b216, org.springframework.security.web.csrf.CsrfFilter@37816ea6, org.springframework.security.web.authentication.logout.LogoutFilter@1e2c0292, org.springframework.security.web.authentication.UsernamePasswordAuthenticationFilter@19656e21, org.springframework.security.web.authentication.ui.DefaultLoginPageGeneratingFilter@1fc386f8, org.springframework.security.web.authentication.ui.DefaultLogoutPageGeneratingFilter@227fc322, org.springframework.security.web.savedrequest.RequestCacheAwareFilter@7668f8fd, org.springframework.security.web.servletapi.SecurityContextHolderAwareRequestFilter@6d38a81d, org.springframework.security.web.authentication.AnonymousAuthenticationFilter@63053b71, org.springframework.security.web.access.ExceptionTranslationFilter@7ef3aa21, org.springframework.security.web.access.intercept.AuthorizationFilter@37d8562f]
2023-02-16T20:07:53.404+03:00  INFO 13876 --- [main] o.s.b.w.embedded.tomcat.TomcatWebServer  : Tomcat started on port(s): 8080 (http) with context path ''
2023-02-16T20:07:53.414+03:00  INFO 13876 --- [main] ru.kuznetsov.bikeService.Starter         : Started Starter in 4.825 seconds (process running for 5.618)
2023-02-16T20:07:56.836+03:00  INFO 13876 --- [http-nio-8080-exec-2] o.a.c.c.C.[Tomcat].[localhost].[/]       : Initializing Spring DispatcherServlet 'dispatcherServlet'
2023-02-16T20:07:56.836+03:00  INFO 13876 --- [http-nio-8080-exec-2] o.s.web.servlet.DispatcherServlet        : Initializing Servlet 'dispatcherServlet'
2023-02-16T20:07:56.837+03:00  INFO 13876 --- [http-nio-8080-exec-2] o.s.web.servlet.DispatcherServlet        : Completed initialization in 1 ms
2023-02-16T20:08:02.031+03:00  INFO 13876 --- [http-nio-8080-exec-4] BikeServiceLogger                        : parts 11 was shown to 'pavel'
2023-02-16T20:08:04.334+03:00  WARN 13876 --- [http-nio-8080-exec-6] ocalVariableTableParameterNameDiscoverer : Using deprecated '-debug' fallback for parameter name resolution. Compile the affected code with '-parameters' instead or avoid its introspection: ru.kuznetsov.bikeService.controllers.ServiceableController
2023-02-16T20:09:22.263+03:00  INFO 13876 --- [http-nio-8080-exec-1] BikeServiceLogger                        : Part id:11 was edited by 'pavel'
2023-02-16T20:09:22.352+03:00  INFO 13876 --- [http-nio-8080-exec-1] BikeServiceLogger                        : parts are shown to pavel
2023-02-16T20:09:25.013+03:00  INFO 13876 --- [http-nio-8080-exec-3] BikeServiceLogger                        : parts 6 was shown to 'pavel'
2023-02-16T20:10:00.827+03:00 ERROR 13876 --- [http-nio-8080-exec-10] o.a.c.c.C.[.[.[/].[dispatcherServlet]    : Servlet.service() for servlet [dispatcherServlet] in context with path [] threw exception [Request processing failed: java.lang.NumberFormatException: For input string: ""] with root cause

java.lang.NumberFormatException: For input string: ""
	at java.base/java.lang.NumberFormatException.forInputString(NumberFormatException.java:67) ~[na:na]
	at java.base/java.lang.Integer.parseInt(Integer.java:675) ~[na:na]
	at java.base/java.lang.Integer.parseInt(Integer.java:781) ~[na:na]
	at ru.kuznetsov.bikeService.controllers.ServiceableController.updateServiceList(ServiceableController.java:101) ~[classes/:na]
	at java.base/jdk.internal.reflect.DirectMethodHandleAccessor.invoke(DirectMethodHandleAccessor.java:104) ~[na:na]
	at java.base/java.lang.reflect.Method.invoke(Method.java:578) ~[na:na]
	at org.springframework.web.method.support.InvocableHandlerMethod.doInvoke(InvocableHandlerMethod.java:207) ~[spring-web-6.0.4.jar:6.0.4]
	at org.springframework.web.method.support.InvocableHandlerMethod.invokeForRequest(InvocableHandlerMethod.java:152) ~[spring-web-6.0.4.jar:6.0.4]
	at org.springframework.web.servlet.mvc.method.annotation.ServletInvocableHandlerMethod.invokeAndHandle(ServletInvocableHandlerMethod.java:117) ~[spring-webmvc-6.0.4.jar:6.0.4]
	at org.springframework.web.servlet.mvc.method.annotation.RequestMappingHandlerAdapter.invokeHandlerMethod(RequestMappingHandlerAdapter.java:884) ~[spring-webmvc-6.0.4.jar:6.0.4]
	at org.springframework.web.servlet.mvc.method.annotation.RequestMappingHandlerAdapter.handleInternal(RequestMappingHandlerAdapter.java:797) ~[spring-webmvc-6.0.4.jar:6.0.4]
	at org.springframework.web.servlet.mvc.method.AbstractHandlerMethodAdapter.handle(AbstractHandlerMethodAdapter.java:87) ~[spring-webmvc-6.0.4.jar:6.0.4]
	at org.springframework.web.servlet.DispatcherServlet.doDispatch(DispatcherServlet.java:1080) ~[spring-webmvc-6.0.4.jar:6.0.4]
	at org.springframework.web.servlet.DispatcherServlet.doService(DispatcherServlet.java:973) ~[spring-webmvc-6.0.4.jar:6.0.4]
	at org.springframework.web.servlet.FrameworkServlet.processRequest(FrameworkServlet.java:1011) ~[spring-webmvc-6.0.4.jar:6.0.4]
	at org.springframework.web.servlet.FrameworkServlet.doPost(FrameworkServlet.java:914) ~[spring-webmvc-6.0.4.jar:6.0.4]
	at jakarta.servlet.http.HttpServlet.service(HttpServlet.java:731) ~[tomcat-embed-core-10.1.5.jar:6.0]
	at org.springframework.web.servlet.FrameworkServlet.service(FrameworkServlet.java:885) ~[spring-webmvc-6.0.4.jar:6.0.4]
	at jakarta.servlet.http.HttpServlet.service(HttpServlet.java:814) ~[tomcat-embed-core-10.1.5.jar:6.0]
	at org.apache.catalina.core.ApplicationFilterChain.internalDoFilter(ApplicationFilterChain.java:223) ~[tomcat-embed-core-10.1.5.jar:10.1.5]
	at org.apache.catalina.core.ApplicationFilterChain.doFilter(ApplicationFilterChain.java:158) ~[tomcat-embed-core-10.1.5.jar:10.1.5]
	at org.apache.tomcat.websocket.server.WsFilter.doFilter(WsFilter.java:53) ~[tomcat-embed-websocket-10.1.5.jar:10.1.5]
	at org.apache.catalina.core.ApplicationFilterChain.internalDoFilter(ApplicationFilterChain.java:185) ~[tomcat-embed-core-10.1.5.jar:10.1.5]
	at org.apache.catalina.core.ApplicationFilterChain.doFilter(ApplicationFilterChain.java:158) ~[tomcat-embed-core-10.1.5.jar:10.1.5]
	at org.springframework.security.web.FilterChainProxy.lambda$doFilterInternal$3(FilterChainProxy.java:231) ~[spring-security-web-6.0.1.jar:6.0.1]
	at org.springframework.security.web.FilterChainProxy$VirtualFilterChain.doFilter(FilterChainProxy.java:365) ~[spring-security-web-6.0.1.jar:6.0.1]
	at org.springframework.security.web.access.intercept.AuthorizationFilter.doFilter(AuthorizationFilter.java:100) ~[spring-security-web-6.0.1.jar:6.0.1]
	at org.springframework.security.web.FilterChainProxy$VirtualFilterChain.doFilter(FilterChainProxy.java:374) ~[spring-security-web-6.0.1.jar:6.0.1]
	at org.springframework.security.web.access.ExceptionTranslationFilter.doFilter(ExceptionTranslationFilter.java:126) ~[spring-security-web-6.0.1.jar:6.0.1]
	at org.springframework.security.web.access.ExceptionTranslationFilter.doFilter(ExceptionTranslationFilter.java:120) ~[spring-security-web-6.0.1.jar:6.0.1]
	at org.springframework.security.web.FilterChainProxy$VirtualFilterChain.doFilter(FilterChainProxy.java:374) ~[spring-security-web-6.0.1.jar:6.0.1]
	at org.springframework.security.web.authentication.AnonymousAuthenticationFilter.doFilter(AnonymousAuthenticationFilter.java:100) ~[spring-security-web-6.0.1.jar:6.0.1]
	at org.springframework.security.web.FilterChainProxy$VirtualFilterChain.doFilter(FilterChainProxy.java:374) ~[spring-security-web-6.0.1.jar:6.0.1]
	at org.springframework.security.web.servletapi.SecurityContextHolderAwareRequestFilter.doFilter(SecurityContextHolderAwareRequestFilter.java:179) ~[spring-security-web-6.0.1.jar:6.0.1]
	at org.springframework.security.web.FilterChainProxy$VirtualFilterChain.doFilter(FilterChainProxy.java:374) ~[spring-security-web-6.0.1.jar:6.0.1]
	at org.springframework.security.web.savedrequest.RequestCacheAwareFilter.doFilter(RequestCacheAwareFilter.java:63) ~[spring-security-web-6.0.1.jar:6.0.1]
	at org.springframework.security.web.FilterChainProxy$VirtualFilterChain.doFilter(FilterChainProxy.java:374) ~[spring-security-web-6.0.1.jar:6.0.1]
	at org.springframework.security.web.authentication.ui.DefaultLogoutPageGeneratingFilter.doFilterInternal(DefaultLogoutPageGeneratingFilter.java:58) ~[spring-security-web-6.0.1.jar:6.0.1]
	at org.springframework.web.filter.OncePerRequestFilter.doFilter(OncePerRequestFilter.java:116) ~[spring-web-6.0.4.jar:6.0.4]
	at org.springframework.security.web.FilterChainProxy$VirtualFilterChain.doFilter(FilterChainProxy.java:374) ~[spring-security-web-6.0.1.jar:6.0.1]
	at org.springframework.security.web.authentication.ui.DefaultLoginPageGeneratingFilter.doFilter(DefaultLoginPageGeneratingFilter.java:188) ~[spring-security-web-6.0.1.jar:6.0.1]
	at org.springframework.security.web.authentication.ui.DefaultLoginPageGeneratingFilter.doFilter(DefaultLoginPageGeneratingFilter.java:174) ~[spring-security-web-6.0.1.jar:6.0.1]
	at org.springframework.security.web.FilterChainProxy$VirtualFilterChain.doFilter(FilterChainProxy.java:374) ~[spring-security-web-6.0.1.jar:6.0.1]
	at org.springframework.security.web.authentication.AbstractAuthenticationProcessingFilter.doFilter(AbstractAuthenticationProcessingFilter.java:227) ~[spring-security-web-6.0.1.jar:6.0.1]
	at org.springframework.security.web.authentication.AbstractAuthenticationProcessingFilter.doFilter(AbstractAuthenticationProcessingFilter.java:221) ~[spring-security-web-6.0.1.jar:6.0.1]
	at org.springframework.security.web.FilterChainProxy$VirtualFilterChain.doFilter(FilterChainProxy.java:374) ~[spring-security-web-6.0.1.jar:6.0.1]
	at org.springframework.security.web.authentication.logout.LogoutFilter.doFilter(LogoutFilter.java:107) ~[spring-security-web-6.0.1.jar:6.0.1]
	at org.springframework.security.web.authentication.logout.LogoutFilter.doFilter(LogoutFilter.java:93) ~[spring-security-web-6.0.1.jar:6.0.1]
	at org.springframework.security.web.FilterChainProxy$VirtualFilterChain.doFilter(FilterChainProxy.java:374) ~[spring-security-web-6.0.1.jar:6.0.1]
	at org.springframework.security.web.csrf.CsrfFilter.doFilterInternal(CsrfFilter.java:130) ~[spring-security-web-6.0.1.jar:6.0.1]
	at org.springframework.web.filter.OncePerRequestFilter.doFilter(OncePerRequestFilter.java:116) ~[spring-web-6.0.4.jar:6.0.4]
	at org.springframework.security.web.FilterChainProxy$VirtualFilterChain.doFilter(FilterChainProxy.java:374) ~[spring-security-web-6.0.1.jar:6.0.1]
	at org.springframework.security.web.header.HeaderWriterFilter.doHeadersAfter(HeaderWriterFilter.java:90) ~[spring-security-web-6.0.1.jar:6.0.1]
	at org.springframework.security.web.header.HeaderWriterFilter.doFilterInternal(HeaderWriterFilter.java:75) ~[spring-security-web-6.0.1.jar:6.0.1]
	at org.springframework.web.filter.OncePerRequestFilter.doFilter(OncePerRequestFilter.java:116) ~[spring-web-6.0.4.jar:6.0.4]
	at org.springframework.security.web.FilterChainProxy$VirtualFilterChain.doFilter(FilterChainProxy.java:374) ~[spring-security-web-6.0.1.jar:6.0.1]
	at org.springframework.security.web.context.SecurityContextHolderFilter.doFilter(SecurityContextHolderFilter.java:82) ~[spring-security-web-6.0.1.jar:6.0.1]
	at org.springframework.security.web.context.SecurityContextHolderFilter.doFilter(SecurityContextHolderFilter.java:69) ~[spring-security-web-6.0.1.jar:6.0.1]
	at org.springframework.security.web.FilterChainProxy$VirtualFilterChain.doFilter(FilterChainProxy.java:374) ~[spring-security-web-6.0.1.jar:6.0.1]
	at org.springframework.security.web.context.request.async.WebAsyncManagerIntegrationFilter.doFilterInternal(WebAsyncManagerIntegrationFilter.java:62) ~[spring-security-web-6.0.1.jar:6.0.1]
	at org.springframework.web.filter.OncePerRequestFilter.doFilter(OncePerRequestFilter.java:116) ~[spring-web-6.0.4.jar:6.0.4]
	at org.springframework.security.web.FilterChainProxy$VirtualFilterChain.doFilter(FilterChainProxy.java:374) ~[spring-security-web-6.0.1.jar:6.0.1]
	at org.springframework.security.web.session.DisableEncodeUrlFilter.doFilterInternal(DisableEncodeUrlFilter.java:42) ~[spring-security-web-6.0.1.jar:6.0.1]
	at org.springframework.web.filter.OncePerRequestFilter.doFilter(OncePerRequestFilter.java:116) ~[spring-web-6.0.4.jar:6.0.4]
	at org.springframework.security.web.FilterChainProxy$VirtualFilterChain.doFilter(FilterChainProxy.java:374) ~[spring-security-web-6.0.1.jar:6.0.1]
	at org.springframework.security.web.FilterChainProxy.doFilterInternal(FilterChainProxy.java:233) ~[spring-security-web-6.0.1.jar:6.0.1]
	at org.springframework.security.web.FilterChainProxy.doFilter(FilterChainProxy.java:191) ~[spring-security-web-6.0.1.jar:6.0.1]
	at org.springframework.web.filter.DelegatingFilterProxy.invokeDelegate(DelegatingFilterProxy.java:351) ~[spring-web-6.0.4.jar:6.0.4]
	at org.springframework.web.filter.DelegatingFilterProxy.doFilter(DelegatingFilterProxy.java:267) ~[spring-web-6.0.4.jar:6.0.4]
	at org.apache.catalina.core.ApplicationFilterChain.internalDoFilter(ApplicationFilterChain.java:185) ~[tomcat-embed-core-10.1.5.jar:10.1.5]
	at org.apache.catalina.core.ApplicationFilterChain.doFilter(ApplicationFilterChain.java:158) ~[tomcat-embed-core-10.1.5.jar:10.1.5]
	at org.springframework.web.filter.CharacterEncodingFilter.doFilterInternal(CharacterEncodingFilter.java:201) ~[spring-web-6.0.4.jar:6.0.4]
	at org.springframework.web.filter.OncePerRequestFilter.doFilter(OncePerRequestFilter.java:116) ~[spring-web-6.0.4.jar:6.0.4]
	at org.apache.catalina.core.ApplicationFilterChain.internalDoFilter(ApplicationFilterChain.java:185) ~[tomcat-embed-core-10.1.5.jar:10.1.5]
	at org.apache.catalina.core.ApplicationFilterChain.doFilter(ApplicationFilterChain.java:158) ~[tomcat-embed-core-10.1.5.jar:10.1.5]
	at org.apache.catalina.core.StandardWrapperValve.invoke(StandardWrapperValve.java:177) ~[tomcat-embed-core-10.1.5.jar:10.1.5]
	at org.apache.catalina.core.StandardContextValve.invoke(StandardContextValve.java:97) ~[tomcat-embed-core-10.1.5.jar:10.1.5]
	at org.apache.catalina.authenticator.AuthenticatorBase.invoke(AuthenticatorBase.java:542) ~[tomcat-embed-core-10.1.5.jar:10.1.5]
	at org.apache.catalina.core.StandardHostValve.invoke(StandardHostValve.java:119) ~[tomcat-embed-core-10.1.5.jar:10.1.5]
	at org.apache.catalina.valves.ErrorReportValve.invoke(ErrorReportValve.java:92) ~[tomcat-embed-core-10.1.5.jar:10.1.5]
	at org.apache.catalina.core.StandardEngineValve.invoke(StandardEngineValve.java:78) ~[tomcat-embed-core-10.1.5.jar:10.1.5]
	at org.apache.catalina.connector.CoyoteAdapter.service(CoyoteAdapter.java:357) ~[tomcat-embed-core-10.1.5.jar:10.1.5]
	at org.apache.coyote.http11.Http11Processor.service(Http11Processor.java:400) ~[tomcat-embed-core-10.1.5.jar:10.1.5]
	at org.apache.coyote.AbstractProcessorLight.process(AbstractProcessorLight.java:65) ~[tomcat-embed-core-10.1.5.jar:10.1.5]
	at org.apache.coyote.AbstractProtocol$ConnectionHandler.process(AbstractProtocol.java:859) ~[tomcat-embed-core-10.1.5.jar:10.1.5]
	at org.apache.tomcat.util.net.NioEndpoint$SocketProcessor.doRun(NioEndpoint.java:1734) ~[tomcat-embed-core-10.1.5.jar:10.1.5]
	at org.apache.tomcat.util.net.SocketProcessorBase.run(SocketProcessorBase.java:52) ~[tomcat-embed-core-10.1.5.jar:10.1.5]
	at org.apache.tomcat.util.threads.ThreadPoolExecutor.runWorker(ThreadPoolExecutor.java:1191) ~[tomcat-embed-core-10.1.5.jar:10.1.5]
	at org.apache.tomcat.util.threads.ThreadPoolExecutor$Worker.run(ThreadPoolExecutor.java:659) ~[tomcat-embed-core-10.1.5.jar:10.1.5]
	at org.apache.tomcat.util.threads.TaskThread$WrappingRunnable.run(TaskThread.java:61) ~[tomcat-embed-core-10.1.5.jar:10.1.5]
	at java.base/java.lang.Thread.run(Thread.java:1589) ~[na:na]

2023-02-16T20:10:45.320+03:00  INFO 15320 --- [main] ru.kuznetsov.bikeService.Starter         : Starting Starter using Java 19 with PID 15320 (C:\Users\Techn\Documents\JavaProjects\BikeServiceStuff\bikeService\target\classes started by Techn in C:\Users\Techn\Documents\JavaProjects\BikeServiceStuff\bikeService)
2023-02-16T20:10:45.322+03:00  INFO 15320 --- [main] ru.kuznetsov.bikeService.Starter         : No active profile set, falling back to 1 default profile: "default"
2023-02-16T20:10:45.787+03:00  INFO 15320 --- [main] .s.d.r.c.RepositoryConfigurationDelegate : Bootstrapping Spring Data JPA repositories in DEFAULT mode.
2023-02-16T20:10:45.855+03:00  INFO 15320 --- [main] .s.d.r.c.RepositoryConfigurationDelegate : Finished Spring Data repository scanning in 60 ms. Found 9 JPA repository interfaces.
2023-02-16T20:10:46.460+03:00  INFO 15320 --- [main] o.s.b.w.embedded.tomcat.TomcatWebServer  : Tomcat initialized with port(s): 8080 (http)
2023-02-16T20:10:46.468+03:00  INFO 15320 --- [main] o.apache.catalina.core.StandardService   : Starting service [Tomcat]
2023-02-16T20:10:46.468+03:00  INFO 15320 --- [main] o.apache.catalina.core.StandardEngine    : Starting Servlet engine: [Apache Tomcat/10.1.5]
2023-02-16T20:10:46.581+03:00  INFO 15320 --- [main] o.a.c.c.C.[Tomcat].[localhost].[/]       : Initializing Spring embedded WebApplicationContext
2023-02-16T20:10:46.582+03:00  INFO 15320 --- [main] w.s.c.ServletWebServerApplicationContext : Root WebApplicationContext: initialization completed in 1222 ms
2023-02-16T20:10:46.759+03:00  INFO 15320 --- [main] o.hibernate.jpa.internal.util.LogHelper  : HHH000204: Processing PersistenceUnitInfo [name: default]
2023-02-16T20:10:46.808+03:00  INFO 15320 --- [main] org.hibernate.Version                    : HHH000412: Hibernate ORM core version 6.1.6.Final
2023-02-16T20:10:46.964+03:00  WARN 15320 --- [main] org.hibernate.orm.deprecation            : HHH90000021: Encountered deprecated setting [javax.persistence.sharedCache.mode], use [jakarta.persistence.sharedCache.mode] instead
2023-02-16T20:10:47.428+03:00  INFO 15320 --- [main] SQL dialect                              : HHH000400: Using dialect: org.hibernate.dialect.PostgreSQLDialect
2023-02-16T20:10:48.641+03:00  INFO 15320 --- [main] o.h.e.t.j.p.i.JtaPlatformInitiator       : HHH000490: Using JtaPlatform implementation: [org.hibernate.engine.transaction.jta.platform.internal.NoJtaPlatform]
2023-02-16T20:10:48.651+03:00  INFO 15320 --- [main] j.LocalContainerEntityManagerFactoryBean : Initialized JPA EntityManagerFactory for persistence unit 'default'
2023-02-16T20:10:48.901+03:00  WARN 15320 --- [main] ocalVariableTableParameterNameDiscoverer : Using deprecated '-debug' fallback for parameter name resolution. Compile the affected code with '-parameters' instead or avoid its introspection: ru.kuznetsov.bikeService.repositories.UserRepository
2023-02-16T20:10:49.113+03:00  WARN 15320 --- [main] ocalVariableTableParameterNameDiscoverer : Using deprecated '-debug' fallback for parameter name resolution. Compile the affected code with '-parameters' instead or avoid its introspection: ru.kuznetsov.bikeService.repositories.abstracts.AbstractShowableEntityRepository
2023-02-16T20:10:49.403+03:00  WARN 15320 --- [main] JpaBaseConfiguration$JpaWebConfiguration : spring.jpa.open-in-view is enabled by default. Therefore, database queries may be performed during view rendering. Explicitly configure spring.jpa.open-in-view to disable this warning
2023-02-16T20:10:49.631+03:00  INFO 15320 --- [main] o.s.s.web.DefaultSecurityFilterChain     : Will secure any request with [org.springframework.security.web.session.DisableEncodeUrlFilter@227fc322, org.springframework.security.web.context.request.async.WebAsyncManagerIntegrationFilter@63053b71, org.springframework.security.web.context.SecurityContextHolderFilter@7668f8fd, org.springframework.security.web.header.HeaderWriterFilter@31a80c88, org.springframework.security.web.csrf.CsrfFilter@35b79b1f, org.springframework.security.web.authentication.logout.LogoutFilter@69ae7632, org.springframework.security.web.authentication.UsernamePasswordAuthenticationFilter@2cd31214, org.springframework.security.web.authentication.ui.DefaultLoginPageGeneratingFilter@3777fc44, org.springframework.security.web.authentication.ui.DefaultLogoutPageGeneratingFilter@4687c184, org.springframework.security.web.savedrequest.RequestCacheAwareFilter@6785786d, org.springframework.security.web.servletapi.SecurityContextHolderAwareRequestFilter@d7c4fcb, org.springframework.security.web.authentication.AnonymousAuthenticationFilter@65f3f9e2, org.springframework.security.web.access.ExceptionTranslationFilter@49392256, org.springframework.security.web.access.intercept.AuthorizationFilter@614ae4eb]
2023-02-16T20:10:49.969+03:00  INFO 15320 --- [main] o.s.b.w.embedded.tomcat.TomcatWebServer  : Tomcat started on port(s): 8080 (http) with context path ''
2023-02-16T20:10:49.979+03:00  INFO 15320 --- [main] ru.kuznetsov.bikeService.Starter         : Started Starter in 5.049 seconds (process running for 5.792)
2023-02-16T20:10:59.654+03:00  INFO 15320 --- [http-nio-8080-exec-1] o.a.c.c.C.[Tomcat].[localhost].[/]       : Initializing Spring DispatcherServlet 'dispatcherServlet'
2023-02-16T20:10:59.654+03:00  INFO 15320 --- [http-nio-8080-exec-1] o.s.web.servlet.DispatcherServlet        : Initializing Servlet 'dispatcherServlet'
2023-02-16T20:10:59.655+03:00  INFO 15320 --- [http-nio-8080-exec-1] o.s.web.servlet.DispatcherServlet        : Completed initialization in 1 ms
2023-02-16T20:11:04.302+03:00  INFO 15320 --- [http-nio-8080-exec-4] BikeServiceLogger                        : parts 6 was shown to 'pavel'
2023-02-16T20:11:13.613+03:00  WARN 15320 --- [http-nio-8080-exec-6] ocalVariableTableParameterNameDiscoverer : Using deprecated '-debug' fallback for parameter name resolution. Compile the affected code with '-parameters' instead or avoid its introspection: ru.kuznetsov.bikeService.controllers.ServiceableController
2023-02-16T20:11:32.903+03:00  INFO 15320 --- [http-nio-8080-exec-9] BikeServiceLogger                        : Part id:6 was edited by 'pavel'
2023-02-16T20:11:32.994+03:00  INFO 15320 --- [http-nio-8080-exec-9] BikeServiceLogger                        : parts are shown to pavel
2023-02-16T20:11:35.041+03:00  INFO 15320 --- [http-nio-8080-exec-10] BikeServiceLogger                        : parts 8 was shown to 'pavel'
2023-02-16T20:12:16.402+03:00  INFO 15320 --- [http-nio-8080-exec-10] BikeServiceLogger                        : Part id:8 was edited by 'pavel'
2023-02-16T20:12:16.490+03:00  INFO 15320 --- [http-nio-8080-exec-10] BikeServiceLogger                        : parts are shown to pavel
